<?xml version="1.0" encoding="UTF-8"?>
<testng-results skipped="0" failed="0" ignored="0" total="1" passed="1">
  <reporter-output>
  </reporter-output>
  <suite name="Suite" duration-ms="24379" started-at="2017-09-23T11:13:50Z" finished-at="2017-09-23T11:14:14Z">
    <groups>
    </groups>
    <test name="Test" duration-ms="24379" started-at="2017-09-23T11:13:50Z" finished-at="2017-09-23T11:14:14Z">
      <class name="googletest.Googletest">
        <test-method status="PASS" signature="Googletest()[pri:0, instance:googletest.Googletest@1187984]" name="Googletest" duration-ms="24322" started-at="2017-09-23T16:43:50Z" finished-at="2017-09-23T16:44:14Z">
          <reporter-output>
          </reporter-output>
        </test-method> <!-- Googletest -->
      </class> <!-- googletest.Googletest -->
    </test> <!-- Test -->
  </suite> <!-- Suite -->
</testng-results>
